2019-12-18 00:32:34.508  INFO 29805 --- [main] c.s.s.c.diexample.DiExampleApplication   : Starting DiExampleApplication on Steins-MacBook-Air.local with PID 29805 (/Users/steinkorsveien/Development/SpringBotTest/di-example/build/classes/java/main started by steinkorsveien in /Users/steinkorsveien/Development/SpringBotTest/di-example)
2019-12-18 00:32:34.524  INFO 29805 --- [main] c.s.s.c.diexample.DiExampleApplication   : No active profile set, falling back to default profiles: default
2019-12-18 00:32:37.959  INFO 29805 --- [main] o.s.b.w.embedded.tomcat.TomcatWebServer  : Tomcat initialized with port(s): 8080 (http)
2019-12-18 00:32:38.011  INFO 29805 --- [main] o.apache.catalina.core.StandardService   : Starting service [Tomcat]
2019-12-18 00:32:38.013  INFO 29805 --- [main] org.apache.catalina.core.StandardEngine  : Starting Servlet engine: [Apache Tomcat/9.0.29]
2019-12-18 00:32:38.236  INFO 29805 --- [main] o.a.c.c.C.[Tomcat].[localhost].[/]       : Initializing Spring embedded WebApplicationContext
2019-12-18 00:32:38.237  INFO 29805 --- [main] o.s.web.context.ContextLoader            : Root WebApplicationContext: initialization completed in 3581 ms
2019-12-18 00:32:39.183  INFO 29805 --- [main] o.s.s.concurrent.ThreadPoolTaskExecutor  : Initializing ExecutorService 'applicationTaskExecutor'
2019-12-18 00:32:39.567  INFO 29805 --- [main] o.s.b.w.embedded.tomcat.TomcatWebServer  : Tomcat started on port(s): 8080 (http) with context path ''
2019-12-18 00:32:39.576  INFO 29805 --- [main] c.s.s.c.diexample.DiExampleApplication   : Started DiExampleApplication in 7.24 seconds (JVM running for 8.586)
2019-12-18 00:32:59.818  INFO 29805 --- [SpringContextShutdownHook] o.s.s.concurrent.ThreadPoolTaskExecutor  : Shutting down ExecutorService 'applicationTaskExecutor'
2019-12-18 00:37:47.027  INFO 29996 --- [main] c.s.s.c.diexample.DiExampleApplication   : Starting DiExampleApplication on Steins-MacBook-Air.local with PID 29996 (/Users/steinkorsveien/Development/SpringBotTest/di-example/build/classes/java/main started by steinkorsveien in /Users/steinkorsveien/Development/SpringBotTest/di-example)
2019-12-18 00:37:47.036  INFO 29996 --- [main] c.s.s.c.diexample.DiExampleApplication   : No active profile set, falling back to default profiles: default
2019-12-18 00:37:50.538  INFO 29996 --- [main] o.s.b.w.embedded.tomcat.TomcatWebServer  : Tomcat initialized with port(s): 8080 (http)
2019-12-18 00:37:50.593  INFO 29996 --- [main] o.apache.catalina.core.StandardService   : Starting service [Tomcat]
2019-12-18 00:37:50.593  INFO 29996 --- [main] org.apache.catalina.core.StandardEngine  : Starting Servlet engine: [Apache Tomcat/9.0.29]
2019-12-18 00:37:50.877  INFO 29996 --- [main] o.a.c.c.C.[Tomcat].[localhost].[/]       : Initializing Spring embedded WebApplicationContext
2019-12-18 00:37:50.878  INFO 29996 --- [main] o.s.web.context.ContextLoader            : Root WebApplicationContext: initialization completed in 3696 ms
2019-12-18 00:37:51.435  INFO 29996 --- [main] o.s.s.concurrent.ThreadPoolTaskExecutor  : Initializing ExecutorService 'applicationTaskExecutor'
2019-12-18 00:37:52.108  INFO 29996 --- [main] o.s.b.w.embedded.tomcat.TomcatWebServer  : Tomcat started on port(s): 8080 (http) with context path ''
2019-12-18 00:37:52.163  INFO 29996 --- [main] c.s.s.c.diexample.DiExampleApplication   : Started DiExampleApplication in 6.783 seconds (JVM running for 8.349)
2019-12-18 00:48:16.627  INFO 29996 --- [SpringContextShutdownHook] o.s.s.concurrent.ThreadPoolTaskExecutor  : Shutting down ExecutorService 'applicationTaskExecutor'
2019-12-18 01:13:45.997  INFO 30918 --- [main] c.s.s.c.diexample.DiExampleApplication   : Starting DiExampleApplication on Steins-MacBook-Air.local with PID 30918 (/Users/steinkorsveien/Development/SpringBotTest/di-example/build/classes/java/main started by steinkorsveien in /Users/steinkorsveien/Development/SpringBotTest/di-example)
2019-12-18 01:13:46.013  INFO 30918 --- [main] c.s.s.c.diexample.DiExampleApplication   : No active profile set, falling back to default profiles: default
2019-12-18 01:13:53.429  INFO 30918 --- [main] o.s.b.w.embedded.tomcat.TomcatWebServer  : Tomcat initialized with port(s): 8080 (http)
2019-12-18 01:13:53.659  INFO 30918 --- [main] o.apache.catalina.core.StandardService   : Starting service [Tomcat]
2019-12-18 01:13:53.660  INFO 30918 --- [main] org.apache.catalina.core.StandardEngine  : Starting Servlet engine: [Apache Tomcat/9.0.29]
2019-12-18 01:13:55.227  INFO 30918 --- [main] o.a.c.c.C.[Tomcat].[localhost].[/]       : Initializing Spring embedded WebApplicationContext
2019-12-18 01:13:55.228  INFO 30918 --- [main] o.s.web.context.ContextLoader            : Root WebApplicationContext: initialization completed in 9092 ms
2019-12-18 01:13:56.874  INFO 30918 --- [main] o.s.s.concurrent.ThreadPoolTaskExecutor  : Initializing ExecutorService 'applicationTaskExecutor'
2019-12-18 01:13:58.103  INFO 30918 --- [main] o.s.b.w.embedded.tomcat.TomcatWebServer  : Tomcat started on port(s): 8080 (http) with context path ''
2019-12-18 01:13:58.123  INFO 30918 --- [main] c.s.s.c.diexample.DiExampleApplication   : Started DiExampleApplication in 13.877 seconds (JVM running for 15.252)
2019-12-18 01:21:09.132  INFO 30918 --- [SpringContextShutdownHook] o.s.s.concurrent.ThreadPoolTaskExecutor  : Shutting down ExecutorService 'applicationTaskExecutor'
